0001_0050_0018_0029_0029.jpg 1 50 18 29 29
0002_0045_0034_0047_0047.jpg 1 45 34 47 47
0003_0031_0020_0046_0046.jpg 1 31 20 46 46
0004_0005_0024_0050_0050.jpg 1 5 24 50 50
0005_0061_0046_0029_0029.jpg 1 61 46 29 29
0006_0036_0013_0036_0036.jpg 1 36 13 36 36
0007_0056_0030_0028_0028.jpg 1 56 30 28 28
0008_0016_0017_0036_0036.jpg 1 16 17 36 36
0009_0021_0043_0036_0036.jpg 1 21 43 36 36
0010_0006_0006_0068_0068.jpg 1 6 6 68 68
0011_0018_0038_0031_0031.jpg 1 18 38 31 31
0012_0048_0021_0040_0040.jpg 1 48 21 40 40
0013_0010_0009_0028_0028.jpg 1 10 9 28 28
0014_0046_0014_0024_0024.jpg 1 46 14 24 24
0015_0030_0013_0061_0061.jpg 1 30 13 61 61
0016_0018_0017_0061_0061.jpg 1 18 17 61 61
0017_0020_0017_0053_0053.jpg 1 20 17 53 53
0018_0018_0029_0031_0031.jpg 1 18 29 31 31
0019_0010_0016_0065_0065.jpg 1 10 16 65 65
0020_0047_0017_0040_0040.jpg 1 47 17 40 40
0021_0022_0013_0040_0040.jpg 1 22 13 40 40
0022_0036_0019_0054_0054.jpg 1 36 19 54 54
0023_0031_0017_0063_0063.jpg 1 31 17 63 63
0024_0025_0032_0041_0041.jpg 1 25 32 41 41
0025_0014_0011_0047_0047.jpg 1 14 11 47 47
0026_0016_0017_0045_0045.jpg 1 16 17 45 45
0027_0017_0027_0043_0043.jpg 1 17 27 43 43
0028_0054_0012_0027_0027.jpg 1 54 12 27 27
0029_0014_0006_0043_0043.jpg 1 14 6 43 43
0030_0020_0007_0041_0041.jpg 1 20 7 41 41
0031_0043_0040_0046_0046.jpg 1 43 40 46 46
0032_0011_0034_0049_0049.jpg 1 11 34 49 49
0033_0043_0018_0041_0041.jpg 1 43 18 41 41
0034_0013_0008_0069_0069.jpg 1 13 8 69 69
0035_0006_0043_0037_0037.jpg 1 6 43 37 37
0036_0040_0047_0044_0044.jpg 1 40 47 44 44
0037_0027_0010_0038_0038.jpg 1 27 10 38 38
0038_0051_0017_0042_0042.jpg 1 51 17 42 42
0039_0035_0048_0029_0029.jpg 1 35 48 29 29
0040_0004_0026_0057_0057.jpg 1 4 26 57 57
0041_0027_0035_0060_0060.jpg 1 27 35 60 60
0042_0036_0005_0049_0049.jpg 1 36 5 49 49
0043_0019_0024_0033_0033.jpg 1 19 24 33 33
0044_0029_0049_0044_0044.jpg 1 29 49 44 44
0045_0048_0011_0043_0043.jpg 1 48 11 43 43
0046_0042_0033_0047_0047.jpg 1 42 33 47 47
0047_0027_0006_0049_0049.jpg 1 27 6 49 49
0048_0038_0038_0039_0039.jpg 1 38 38 39 39
0049_0006_0043_0044_0044.jpg 1 6 43 44 44
0050_0022_0015_0056_0056.jpg 1 22 15 56 56
0051_0022_0037_0056_0056.jpg 1 22 37 56 56
0052_0024_0029_0046_0046.jpg 1 24 29 46 46
0053_0017_0018_0049_0049.jpg 1 17 18 49 49
0054_0014_0034_0059_0059.jpg 1 14 34 59 59
0055_0032_0035_0027_0027.jpg 1 32 35 27 27
0056_0047_0035_0033_0033.jpg 1 47 35 33 33
0057_0030_0008_0053_0053.jpg 1 30 8 53 53
0058_0017_0013_0031_0031.jpg 1 17 13 31 31
0059_0023_0026_0064_0064.jpg 1 23 26 64 64
0060_0023_0010_0066_0066.jpg 1 23 10 66 66
0061_0008_0034_0047_0047.jpg 1 8 34 47 47
0001_0029_0019_0048_0048.jpg 1 29 19 48 48
0002_0045_0051_0043_0043.jpg 1 45 51 43 43
0003_0013_0035_0050_0050.jpg 1 13 35 50 50
0004_0036_0009_0040_0040.jpg 1 36 9 40 40
0005_0014_0028_0067_0067.jpg 1 14 28 67 67
0006_0019_0044_0037_0037.jpg 1 19 44 37 37
0007_0012_0037_0045_0045.jpg 1 12 37 45 45
0008_0009_0009_0044_0044.jpg 1 9 9 44 44
0009_0023_0003_0069_0069.jpg 1 23 3 69 69
0010_0047_0035_0043_0043.jpg 1 47 35 43 43
0011_0023_0050_0037_0037.jpg 1 23 50 37 37
0012_0009_0006_0041_0041.jpg 1 9 6 41 41
0013_0026_0042_0045_0045.jpg 1 26 42 45 45
0014_0053_0036_0036_0036.jpg 1 53 36 36 36
0015_0011_0026_0068_0068.jpg 1 11 26 68 68
0016_0027_0004_0063_0063.jpg 1 27 4 63 63
0017_0020_0026_0034_0034.jpg 1 20 26 34 34
0018_0053_0036_0025_0025.jpg 1 53 36 25 25
0019_0044_0039_0041_0041.jpg 1 44 39 41 41
0020_0037_0023_0057_0057.jpg 1 37 23 57 57
0021_0017_0048_0040_0040.jpg 1 17 48 40 40
0022_0010_0048_0025_0025.jpg 1 10 48 25 25
0023_0013_0055_0026_0026.jpg 1 13 55 26 26
0024_0012_0039_0052_0052.jpg 1 12 39 52 52
0025_0015_0014_0064_0064.jpg 1 15 14 64 64
0026_0019_0026_0059_0059.jpg 1 19 26 59 59
0027_0010_0014_0025_0025.jpg 1 10 14 25 25
0028_0023_0059_0025_0025.jpg 1 23 59 25 25
0029_0032_0015_0050_0050.jpg 1 32 15 50 50
0030_0042_0042_0032_0032.jpg 1 42 42 32 32
0031_0009_0039_0039_0039.jpg 1 9 39 39 39
0032_0016_0011_0061_0061.jpg 1 16 11 61 61
0033_0038_0025_0038_0038.jpg 1 38 25 38 38
0034_0020_0050_0037_0037.jpg 1 20 50 37 37
0035_0012_0018_0046_0046.jpg 1 12 18 46 46
0036_0026_0015_0045_0045.jpg 1 26 15 45 45
0037_0008_0028_0064_0064.jpg 1 8 28 64 64
0038_0011_0030_0041_0041.jpg 1 11 30 41 41
0039_0037_0015_0044_0044.jpg 1 37 15 44 44
0040_0005_0004_0068_0068.jpg 1 5 4 68 68
0041_0046_0036_0035_0035.jpg 1 46 36 35 35
0042_0031_0011_0058_0058.jpg 1 31 11 58 58
0043_0035_0044_0050_0050.jpg 1 35 44 50 50
0044_0016_0039_0050_0050.jpg 1 16 39 50 50
0045_0051_0021_0036_0036.jpg 1 51 21 36 36
0046_0042_0034_0027_0027.jpg 1 42 34 27 27
0047_0012_0008_0041_0041.jpg 1 12 8 41 41
0048_0022_0031_0033_0033.jpg 1 22 31 33 33
0049_0037_0032_0032_0032.jpg 1 37 32 32 32
0050_0018_0045_0038_0038.jpg 1 18 45 38 38
0051_0044_0017_0044_0044.jpg 1 44 17 44 44
0052_0018_0055_0030_0030.jpg 1 18 55 30 30
0053_0036_0020_0049_0049.jpg 1 36 20 49 49
0054_0051_0019_0033_0033.jpg 1 51 19 33 33
0055_0018_0049_0043_0043.jpg 1 18 49 43 43
0056_0033_0013_0042_0042.jpg 1 33 13 42 42
0057_0028_0023_0065_0065.jpg 1 28 23 65 65
0058_0015_0027_0064_0064.jpg 1 15 27 64 64
0059_0014_0020_0043_0043.jpg 1 14 20 43 43
0060_0008_0017_0028_0028.jpg 1 8 17 28 28
0061_0033_0006_0056_0056.jpg 1 33 6 56 56
0001_0038_0019_0038_0038.jpg 1 38 19 38 38
0002_0027_0038_0042_0042.jpg 1 27 38 42 42
0003_0050_0052_0040_0040.jpg 1 50 52 40 40
0004_0017_0010_0061_0061.jpg 1 17 10 61 61
0005_0011_0008_0029_0029.jpg 1 11 8 29 29
0006_0053_0016_0026_0026.jpg 1 53 16 26 26
0007_0027_0018_0062_0062.jpg 1 27 18 62 62
0008_0032_0029_0050_0050.jpg 1 32 29 50 50
0009_0014_0016_0041_0041.jpg 1 14 16 41 41
0010_0045_0058_0027_0027.jpg 1 45 58 27 27
0011_0046_0030_0035_0035.jpg 1 46 30 35 35
0012_0026_0009_0056_0056.jpg 1 26 9 56 56
0013_0020_0047_0040_0040.jpg 1 20 47 40 40
0014_0024_0012_0035_0035.jpg 1 24 12 35 35
0015_0061_0059_0027_0027.jpg 1 61 59 27 27
0016_0036_0056_0031_0031.jpg 1 36 56 31 31
0017_0011_0008_0025_0025.jpg 1 11 8 25 25
0018_0009_0032_0039_0039.jpg 1 9 32 39 39
0019_0037_0036_0045_0045.jpg 1 37 36 45 45
0020_0010_0066_0024_0024.jpg 1 10 66 24 24
0021_0011_0013_0055_0055.jpg 1 11 13 55 55
0022_0020_0024_0069_0069.jpg 1 20 24 69 69
0023_0040_0048_0031_0031.jpg 1 40 48 31 31
0024_0011_0022_0067_0067.jpg 1 11 22 67 67
0025_0021_0010_0068_0068.jpg 1 21 10 68 68
0026_0031_0030_0025_0025.jpg 1 31 30 25 25
0027_0056_0020_0024_0024.jpg 1 56 20 24 24
0028_0043_0022_0048_0048.jpg 1 43 22 48 48
0029_0031_0025_0057_0057.jpg 1 31 25 57 57
0030_0036_0018_0049_0049.jpg 1 36 18 49 49
0031_0045_0045_0033_0033.jpg 1 45 45 33 33
0032_0052_0049_0041_0041.jpg 1 52 49 41 41
0033_0033_0029_0026_0026.jpg 1 33 29 26 26
0034_0029_0026_0048_0048.jpg 1 29 26 48 48
0035_0014_0012_0043_0043.jpg 1 14 12 43 43
0036_0008_0005_0062_0062.jpg 1 8 5 62 62
0037_0043_0017_0027_0027.jpg 1 43 17 27 27
0038_0053_0025_0027_0027.jpg 1 53 25 27 27
0039_0047_0045_0041_0041.jpg 1 47 45 41 41
0040_0022_0026_0059_0059.jpg 1 22 26 59 59
0041_0006_0025_0054_0054.jpg 1 6 25 54 54
0042_0043_0006_0034_0034.jpg 1 43 6 34 34
0043_0030_0006_0064_0064.jpg 1 30 6 64 64
0044_0007_0029_0053_0053.jpg 1 7 29 53 53
0045_0009_0014_0068_0068.jpg 1 9 14 68 68
0046_0006_0010_0065_0065.jpg 1 6 10 65 65
0047_0032_0019_0055_0055.jpg 1 32 19 55 55
0048_0028_0018_0060_0060.jpg 1 28 18 60 60
0049_0010_0009_0051_0051.jpg 1 10 9 51 51
0050_0029_0007_0049_0049.jpg 1 29 7 49 49
0051_0026_0021_0069_0069.jpg 1 26 21 69 69
0052_0010_0033_0058_0058.jpg 1 10 33 58 58
0053_0028_0036_0041_0041.jpg 1 28 36 41 41
0054_0006_0017_0066_0066.jpg 1 6 17 66 66
0055_0008_0038_0057_0057.jpg 1 8 38 57 57
0056_0049_0016_0042_0042.jpg 1 49 16 42 42
0057_0047_0017_0047_0047.jpg 1 47 17 47 47
0058_0042_0014_0051_0051.jpg 1 42 14 51 51
0059_0050_0028_0027_0027.jpg 1 50 28 27 27
0060_0052_0050_0040_0040.jpg 1 52 50 40 40
0061_0027_0041_0029_0029.jpg 1 27 41 29 29
