0001_0038_0019_0038_0038.jpg 1 38 19 38 38
0002_0027_0038_0042_0042.jpg 1 27 38 42 42
0003_0050_0052_0040_0040.jpg 1 50 52 40 40
0004_0017_0010_0061_0061.jpg 1 17 10 61 61
0005_0011_0008_0029_0029.jpg 1 11 8 29 29
0006_0053_0016_0026_0026.jpg 1 53 16 26 26
0007_0027_0018_0062_0062.jpg 1 27 18 62 62
0008_0032_0029_0050_0050.jpg 1 32 29 50 50
0009_0014_0016_0041_0041.jpg 1 14 16 41 41
0010_0045_0058_0027_0027.jpg 1 45 58 27 27
0011_0046_0030_0035_0035.jpg 1 46 30 35 35
0012_0026_0009_0056_0056.jpg 1 26 9 56 56
0013_0020_0047_0040_0040.jpg 1 20 47 40 40
0014_0024_0012_0035_0035.jpg 1 24 12 35 35
0015_0061_0059_0027_0027.jpg 1 61 59 27 27
0016_0036_0056_0031_0031.jpg 1 36 56 31 31
0017_0011_0008_0025_0025.jpg 1 11 8 25 25
0018_0009_0032_0039_0039.jpg 1 9 32 39 39
0019_0037_0036_0045_0045.jpg 1 37 36 45 45
0020_0010_0066_0024_0024.jpg 1 10 66 24 24
0021_0011_0013_0055_0055.jpg 1 11 13 55 55
0022_0020_0024_0069_0069.jpg 1 20 24 69 69
0023_0040_0048_0031_0031.jpg 1 40 48 31 31
0024_0011_0022_0067_0067.jpg 1 11 22 67 67
0025_0021_0010_0068_0068.jpg 1 21 10 68 68
0026_0031_0030_0025_0025.jpg 1 31 30 25 25
0027_0056_0020_0024_0024.jpg 1 56 20 24 24
0028_0043_0022_0048_0048.jpg 1 43 22 48 48
0029_0031_0025_0057_0057.jpg 1 31 25 57 57
0030_0036_0018_0049_0049.jpg 1 36 18 49 49
0031_0045_0045_0033_0033.jpg 1 45 45 33 33
0032_0052_0049_0041_0041.jpg 1 52 49 41 41
0033_0033_0029_0026_0026.jpg 1 33 29 26 26
0034_0029_0026_0048_0048.jpg 1 29 26 48 48
0035_0014_0012_0043_0043.jpg 1 14 12 43 43
0036_0008_0005_0062_0062.jpg 1 8 5 62 62
0037_0043_0017_0027_0027.jpg 1 43 17 27 27
0038_0053_0025_0027_0027.jpg 1 53 25 27 27
0039_0047_0045_0041_0041.jpg 1 47 45 41 41
0040_0022_0026_0059_0059.jpg 1 22 26 59 59
0041_0006_0025_0054_0054.jpg 1 6 25 54 54
0042_0043_0006_0034_0034.jpg 1 43 6 34 34
0043_0030_0006_0064_0064.jpg 1 30 6 64 64
0044_0007_0029_0053_0053.jpg 1 7 29 53 53
0045_0009_0014_0068_0068.jpg 1 9 14 68 68
0046_0006_0010_0065_0065.jpg 1 6 10 65 65
0047_0032_0019_0055_0055.jpg 1 32 19 55 55
0048_0028_0018_0060_0060.jpg 1 28 18 60 60
0049_0010_0009_0051_0051.jpg 1 10 9 51 51
0050_0029_0007_0049_0049.jpg 1 29 7 49 49
0051_0026_0021_0069_0069.jpg 1 26 21 69 69
0052_0010_0033_0058_0058.jpg 1 10 33 58 58
0053_0028_0036_0041_0041.jpg 1 28 36 41 41
0054_0006_0017_0066_0066.jpg 1 6 17 66 66
0055_0008_0038_0057_0057.jpg 1 8 38 57 57
0056_0049_0016_0042_0042.jpg 1 49 16 42 42
0057_0047_0017_0047_0047.jpg 1 47 17 47 47
0058_0042_0014_0051_0051.jpg 1 42 14 51 51
0059_0050_0028_0027_0027.jpg 1 50 28 27 27
0060_0052_0050_0040_0040.jpg 1 52 50 40 40
0061_0027_0041_0029_0029.jpg 1 27 41 29 29
