0001_0029_0019_0048_0048.jpg 1 29 19 48 48
0002_0045_0051_0043_0043.jpg 1 45 51 43 43
0003_0013_0035_0050_0050.jpg 1 13 35 50 50
0004_0036_0009_0040_0040.jpg 1 36 9 40 40
0005_0014_0028_0067_0067.jpg 1 14 28 67 67
0006_0019_0044_0037_0037.jpg 1 19 44 37 37
0007_0012_0037_0045_0045.jpg 1 12 37 45 45
0008_0009_0009_0044_0044.jpg 1 9 9 44 44
0009_0023_0003_0069_0069.jpg 1 23 3 69 69
0010_0047_0035_0043_0043.jpg 1 47 35 43 43
0011_0023_0050_0037_0037.jpg 1 23 50 37 37
0012_0009_0006_0041_0041.jpg 1 9 6 41 41
0013_0026_0042_0045_0045.jpg 1 26 42 45 45
0014_0053_0036_0036_0036.jpg 1 53 36 36 36
0015_0011_0026_0068_0068.jpg 1 11 26 68 68
0016_0027_0004_0063_0063.jpg 1 27 4 63 63
0017_0020_0026_0034_0034.jpg 1 20 26 34 34
0018_0053_0036_0025_0025.jpg 1 53 36 25 25
0019_0044_0039_0041_0041.jpg 1 44 39 41 41
0020_0037_0023_0057_0057.jpg 1 37 23 57 57
0021_0017_0048_0040_0040.jpg 1 17 48 40 40
0022_0010_0048_0025_0025.jpg 1 10 48 25 25
0023_0013_0055_0026_0026.jpg 1 13 55 26 26
0024_0012_0039_0052_0052.jpg 1 12 39 52 52
0025_0015_0014_0064_0064.jpg 1 15 14 64 64
0026_0019_0026_0059_0059.jpg 1 19 26 59 59
0027_0010_0014_0025_0025.jpg 1 10 14 25 25
0028_0023_0059_0025_0025.jpg 1 23 59 25 25
0029_0032_0015_0050_0050.jpg 1 32 15 50 50
0030_0042_0042_0032_0032.jpg 1 42 42 32 32
0031_0009_0039_0039_0039.jpg 1 9 39 39 39
0032_0016_0011_0061_0061.jpg 1 16 11 61 61
0033_0038_0025_0038_0038.jpg 1 38 25 38 38
0034_0020_0050_0037_0037.jpg 1 20 50 37 37
0035_0012_0018_0046_0046.jpg 1 12 18 46 46
0036_0026_0015_0045_0045.jpg 1 26 15 45 45
0037_0008_0028_0064_0064.jpg 1 8 28 64 64
0038_0011_0030_0041_0041.jpg 1 11 30 41 41
0039_0037_0015_0044_0044.jpg 1 37 15 44 44
0040_0005_0004_0068_0068.jpg 1 5 4 68 68
0041_0046_0036_0035_0035.jpg 1 46 36 35 35
0042_0031_0011_0058_0058.jpg 1 31 11 58 58
0043_0035_0044_0050_0050.jpg 1 35 44 50 50
0044_0016_0039_0050_0050.jpg 1 16 39 50 50
0045_0051_0021_0036_0036.jpg 1 51 21 36 36
0046_0042_0034_0027_0027.jpg 1 42 34 27 27
0047_0012_0008_0041_0041.jpg 1 12 8 41 41
0048_0022_0031_0033_0033.jpg 1 22 31 33 33
0049_0037_0032_0032_0032.jpg 1 37 32 32 32
0050_0018_0045_0038_0038.jpg 1 18 45 38 38
0051_0044_0017_0044_0044.jpg 1 44 17 44 44
0052_0018_0055_0030_0030.jpg 1 18 55 30 30
0053_0036_0020_0049_0049.jpg 1 36 20 49 49
0054_0051_0019_0033_0033.jpg 1 51 19 33 33
0055_0018_0049_0043_0043.jpg 1 18 49 43 43
0056_0033_0013_0042_0042.jpg 1 33 13 42 42
0057_0028_0023_0065_0065.jpg 1 28 23 65 65
0058_0015_0027_0064_0064.jpg 1 15 27 64 64
0059_0014_0020_0043_0043.jpg 1 14 20 43 43
0060_0008_0017_0028_0028.jpg 1 8 17 28 28
0061_0033_0006_0056_0056.jpg 1 33 6 56 56
